\BOOKMARK [0][-]{chapter.1}{\376\377\173\054\116\000\172\340\000\040\000\040\176\352\213\272}{}% 1
\BOOKMARK [1][-]{section.1.1}{\376\377\0001\000.\0001\000\040\170\024\172\166\200\314\146\157\123\312\141\017\116\111}{chapter.1}% 2
\BOOKMARK [1][-]{section.1.2}{\376\377\0001\000.\0002\000\040\126\375\121\205\131\026\170\024\172\166\217\333\134\125}{chapter.1}% 3
\BOOKMARK [1][-]{section.1.3}{\376\377\0001\000.\0003\000\040\147\054\145\207\116\073\211\201\170\024\172\166\121\205\133\271}{chapter.1}% 4
\BOOKMARK [1][-]{section.1.4}{\376\377\0001\000.\0004\000\040\147\054\145\207\176\304\176\307\176\323\147\204}{chapter.1}% 5
\BOOKMARK [0][-]{chapter.2}{\376\377\173\054\116\214\172\340\000\040\000\040\200\314\146\157\116\313\176\315}{}% 6
\BOOKMARK [1][-]{section.2.1}{\376\377\0002\000.\0001\000\040\131\032\166\356\150\007\117\030\123\026\225\356\230\230}{chapter.2}% 7
\BOOKMARK [2][-]{subsection.2.1.1}{\376\377\0002\000.\0001\000.\0001\000\040\225\356\230\230\133\232\116\111}{section.2.1}% 8
\BOOKMARK [2][-]{subsection.2.1.2}{\376\377\0002\000.\0001\000.\0002\000\040\166\370\121\163\151\202\137\365}{section.2.1}% 9
\BOOKMARK [1][-]{section.2.2}{\376\377\0002\000.\0002\000\040\131\032\166\356\150\007\176\304\124\010\117\030\123\026\173\227\154\325}{chapter.2}% 10
\BOOKMARK [2][-]{subsection.2.2.1}{\376\377\0002\000.\0002\000.\0001\000\040\217\333\123\026\173\227\154\325}{section.2.2}% 11
\BOOKMARK [2][-]{subsection.2.2.2}{\376\377\0002\000.\0002\000.\0002\000\040\127\372\116\216\122\006\211\343\166\204\131\032\166\356\150\007\217\333\123\026\173\227\154\325}{section.2.2}% 12
\BOOKMARK [1][-]{section.2.3}{\376\377\0002\000.\0003\000\040\134\100\220\350\144\034\175\042}{chapter.2}% 13
\BOOKMARK [2][-]{subsection.2.3.1}{\376\377\0002\000.\0003\000.\0001\000\040\127\372\147\054\151\202\137\365}{section.2.3}% 14
\BOOKMARK [2][-]{subsection.2.3.2}{\376\377\0002\000.\0003\000.\0002\000\040\220\273\127\337\176\323\147\204}{section.2.3}% 15
\BOOKMARK [2][-]{subsection.2.3.3}{\376\377\0002\000.\0003\000.\0003\000\040\220\273\127\337\122\250\117\134}{section.2.3}% 16
\BOOKMARK [1][-]{section.2.4}{\376\377\0002\000.\0004\000\040\217\333\123\026\217\301\171\373\117\030\123\026}{chapter.2}% 17
\BOOKMARK [1][-]{section.2.5}{\376\377\0002\000.\0005\000\040\140\047\200\375\213\304\116\367\143\007\150\007}{chapter.2}% 18
\BOOKMARK [2][-]{subsection.2.5.1}{\376\377\0002\000.\0005\000.\0001\000\040\215\205\117\123\171\357\136\246\221\317\143\007\150\007}{section.2.5}% 19
\BOOKMARK [2][-]{subsection.2.5.2}{\376\377\0002\000.\0005\000.\0002\000\040\123\315\124\021\116\026\116\343\215\335\171\273\143\007\150\007}{section.2.5}% 20
\BOOKMARK [2][-]{subsection.2.5.3}{\376\377\0002\000.\0005\000.\0003\000\040\226\306\124\010\211\206\166\326\136\246\221\317\143\007\150\007}{section.2.5}% 21
\BOOKMARK [2][-]{subsection.2.5.4}{\376\377\0002\000.\0005\000.\0004\000\040\215\335\171\273\215\213\217\321\136\246\143\007\150\007}{section.2.5}% 22
\BOOKMARK [2][-]{subsection.2.5.5}{\376\377\0002\000.\0005\000.\0005\000\040\147\000\117\030\217\271\220\127\131\061\163\207\143\007\150\007}{section.2.5}% 23
\BOOKMARK [1][-]{section.2.6}{\376\377\0002\000.\0006\000\040\155\113\213\325\225\356\230\230}{chapter.2}% 24
\BOOKMARK [2][-]{subsection.2.6.1}{\376\377\0002\000.\0006\000.\0001\000\040\000T\000S\000P}{section.2.6}% 25
\BOOKMARK [2][-]{subsection.2.6.2}{\376\377\0002\000.\0006\000.\0002\000\040\000M\000O\000T\000S\000P}{section.2.6}% 26
\BOOKMARK [2][-]{subsection.2.6.3}{\376\377\0002\000.\0006\000.\0003\000\040\000M\000C\000M\000S\000T}{section.2.6}% 27
\BOOKMARK [1][-]{section.2.7}{\376\377\0002\000.\0007\000\040\147\054\172\340\134\017\176\323}{chapter.2}% 28
\BOOKMARK [0][-]{chapter.3}{\376\377\173\054\116\011\172\340\000\040\000\040\127\372\116\216\147\000\134\017\165\037\142\020\150\021\124\214\153\047\142\311\126\336\215\357\166\204\220\273\127\337\176\323\147\204\165\037\142\020\145\271\154\325}{}% 29
\BOOKMARK [1][-]{section.3.1}{\376\377\0003\000.\0001\000\040\137\025\212\000}{chapter.3}% 30
\BOOKMARK [1][-]{section.3.2}{\376\377\0003\000.\0002\000\040\170\024\172\166\122\250\147\072}{chapter.3}% 31
\BOOKMARK [1][-]{section.3.3}{\376\377\0003\000.\0003\000\040\166\370\121\163\133\232\116\111\116\016\127\372\147\054\151\202\137\365}{chapter.3}% 32
\BOOKMARK [2][-]{subsection.3.3.1}{\376\377\0003\000.\0003\000.\0001\000\040\147\000\134\017\165\037\142\020\0001\000-\000t\000r\000e\000e}{section.3.3}% 33
\BOOKMARK [2][-]{subsection.3.3.2}{\376\377\0003\000.\0003\000.\0002\000\040\153\047\142\311\126\336\215\357}{section.3.3}% 34
\BOOKMARK [2][-]{subsection.3.3.3}{\376\377\0003\000.\0003\000.\0003\000\040\153\041\150\257\136\246\117\030\123\026}{section.3.3}% 35
\BOOKMARK [1][-]{section.3.4}{\376\377\0003\000.\0004\000\040\220\273\127\337\176\323\147\204\165\037\142\020\173\227\154\325}{chapter.3}% 36
\BOOKMARK [2][-]{subsection.3.4.1}{\376\377\0003\000.\0004\000.\0001\000\040\000m\000e\000N\000S\165\037\142\020\173\227\154\325\116\073\150\106\147\266}{section.3.4}% 37
\BOOKMARK [2][-]{subsection.3.4.2}{\376\377\0003\000.\0004\000.\0002\000\040\0001\000M\000S\000T\123\330\143\142}{section.3.4}% 38
\BOOKMARK [2][-]{subsection.3.4.3}{\376\377\0003\000.\0004\000.\0003\000\040\137\252\163\257\142\153\143\317\134\100\220\350\117\030\123\026}{section.3.4}% 39
\BOOKMARK [1][-]{section.3.5}{\376\377\0003\000.\0005\000\040\133\236\232\214\116\016\213\250\213\272}{chapter.3}% 40
\BOOKMARK [2][-]{subsection.3.5.1}{\376\377\0003\000.\0005\000.\0001\000\040\133\236\232\214\213\276\177\156\123\312\155\113\213\325\226\306}{section.3.5}% 41
\BOOKMARK [2][-]{subsection.3.5.2}{\376\377\0003\000.\0005\000.\0002\000\040\000m\000e\000N\000S\166\204\215\050\221\317\123\312\121\166\165\037\142\020\173\227\154\325\166\204\145\110\163\207}{section.3.5}% 42
\BOOKMARK [2][-]{subsection.3.5.3}{\376\377\0003\000.\0005\000.\0003\000\040\000m\000e\000N\000S\116\016\121\166\116\326\220\273\127\337\176\323\147\204\165\037\142\020\173\227\154\325\166\204\153\324\217\203}{section.3.5}% 43
\BOOKMARK [1][-]{section.3.6}{\376\377\0003\000.\0006\000\040\147\054\172\340\134\017\176\323}{chapter.3}% 44
\BOOKMARK [0][-]{chapter.4}{\376\377\173\054\126\333\172\340\000\040\000\040\127\372\116\216\220\273\127\337\176\323\147\204\217\301\171\373\166\204\131\032\166\356\150\007\176\304\124\010\117\030\123\026\173\227\154\325}{}% 45
\BOOKMARK [1][-]{section.4.1}{\376\377\0004\000.\0001\000\040\137\025\212\000}{chapter.4}% 46
\BOOKMARK [1][-]{section.4.2}{\376\377\0004\000.\0002\000\040\170\024\172\166\122\250\147\072}{chapter.4}% 47
\BOOKMARK [1][-]{section.4.3}{\376\377\0004\000.\0003\000\040\220\273\127\337\176\323\147\204\217\301\171\373}{chapter.4}% 48
\BOOKMARK [2][-]{subsection.4.3.1}{\376\377\0004\000.\0003\000.\0001\000\040\133\120\225\356\230\230}{section.4.3}% 49
\BOOKMARK [2][-]{subsection.4.3.2}{\376\377\0004\000.\0003\000.\0002\000\040\220\273\127\337\176\323\147\204}{section.4.3}% 50
\BOOKMARK [2][-]{subsection.4.3.3}{\376\377\0004\000.\0003\000.\0003\000\040\123\314\166\356\150\007\166\370\117\074\136\246\152\041\127\213}{section.4.3}% 51
\BOOKMARK [2][-]{subsection.4.3.4}{\376\377\0004\000.\0003\000.\0004\000\040\131\032\201\302\200\001\206\116\147\072\152\041\127\213}{section.4.3}% 52
\BOOKMARK [1][-]{section.4.4}{\376\377\0004\000.\0004\000\040\173\227\154\325\213\276\213\241}{chapter.4}% 53
\BOOKMARK [2][-]{subsection.4.4.1}{\376\377\0004\000.\0004\000.\0001\000\040\000N\000S\000T\000-\000M\000O\000E\000A\173\227\154\325\116\073\150\106\147\266}{section.4.4}% 54
\BOOKMARK [2][-]{subsection.4.4.2}{\376\377\0004\000.\0004\000.\0002\000\040\122\035\131\313\123\026\226\066\153\265}{section.4.4}% 55
\BOOKMARK [2][-]{subsection.4.4.3}{\376\377\0004\000.\0004\000.\0003\000\040\134\100\220\350\144\034\175\042\226\066\153\265}{section.4.4}% 56
\BOOKMARK [2][-]{subsection.4.4.4}{\376\377\0004\000.\0004\000.\0004\000\040\146\364\145\260\226\066\153\265}{section.4.4}% 57
\BOOKMARK [1][-]{section.4.5}{\376\377\0004\000.\0005\000\040\133\236\232\214\116\016\213\250\213\272}{chapter.4}% 58
\BOOKMARK [2][-]{subsection.4.5.1}{\376\377\0004\000.\0005\000.\0001\000\040\155\113\213\325\226\306}{section.4.5}% 59
\BOOKMARK [2][-]{subsection.4.5.2}{\376\377\0004\000.\0005\000.\0002\000\040\133\236\232\214\123\302\145\160\213\276\177\156}{section.4.5}% 60
\BOOKMARK [2][-]{subsection.4.5.3}{\376\377\0004\000.\0005\000.\0003\000\040\124\004\173\227\154\325\127\050\000T\000S\000P\000L\000I\000B\155\113\213\325\226\306\116\012\166\204\133\371\153\324}{section.4.5}% 61
\BOOKMARK [2][-]{subsection.4.5.4}{\376\377\0004\000.\0005\000.\0004\000\040\124\004\173\227\154\325\127\050\167\037\133\236\127\060\164\006\145\160\143\156\155\113\213\325\226\306\116\012\166\204\133\371\153\324}{section.4.5}% 62
\BOOKMARK [2][-]{subsection.4.5.5}{\376\377\0004\000.\0005\000.\0005\000\040\116\044\166\356\150\007\166\370\117\074\136\246\152\041\127\213\147\011\145\110\140\047\122\006\147\220}{section.4.5}% 63
\BOOKMARK [2][-]{subsection.4.5.6}{\376\377\0004\000.\0005\000.\0006\000\040\131\032\201\302\200\001\206\116\147\072\152\041\127\213\147\011\145\110\140\047\122\006\147\220}{section.4.5}% 64
\BOOKMARK [1][-]{section.4.6}{\376\377\0004\000.\0006\000\040\147\054\172\340\134\017\176\323}{chapter.4}% 65
\BOOKMARK [0][-]{chapter.5}{\376\377\173\054\116\224\172\340\000\040\000\040\170\024\172\166\135\345\117\134\140\073\176\323\124\214\134\125\147\033}{}% 66
\BOOKMARK [1][-]{section.5.1}{\376\377\0005\000.\0001\000\040\147\054\145\207\140\073\176\323}{chapter.5}% 67
\BOOKMARK [1][-]{section.5.2}{\376\377\0005\000.\0002\000\040\170\024\172\166\134\125\147\033}{chapter.5}% 68
\BOOKMARK [0][-]{section*.64}{\376\377\123\302\200\003\145\207\163\056}{}% 69
\BOOKMARK [0][-]{chapter*.66}{\376\377\201\364\214\042}{}% 70
\BOOKMARK [0][-]{chapter*.67}{\376\377\127\050\133\146\147\037\225\364\166\204\170\024\172\166\142\020\147\234\123\312\133\146\147\057\213\272\145\207\140\305\121\265}{}% 71
