\BOOKMARK [0][-]{chapter.1}{\376\377\173\054\116\000\172\340\000\040\000\040\137\353\220\037\116\012\142\113}{}% 1
\BOOKMARK [1][-]{section.1.1}{\376\377\0001\000.\0001\000\040\153\042\217\316}{chapter.1}% 2
\BOOKMARK [1][-]{section.1.2}{\376\377\0001\000.\0002\000\040\000L\000a\000T\000e\000X\163\257\130\203\121\306\131\007}{chapter.1}% 3
\BOOKMARK [1][-]{section.1.3}{\376\377\0001\000.\0003\000\040\177\026\213\321\152\041\147\177\124\214\145\207\150\143}{chapter.1}% 4
\BOOKMARK [1][-]{section.1.4}{\376\377\0001\000.\0004\000\040\117\177\165\050\152\041\147\177}{chapter.1}% 5
\BOOKMARK [1][-]{section.1.5}{\376\377\0001\000.\0005\000\040\137\000\131\313\121\231\117\134}{chapter.1}% 6
\BOOKMARK [2][-]{subsection.1.5.1}{\376\377\0001\000.\0005\000.\0001\000\040\117\177\165\050\000\040\000T\000e\000X\000s\000t\000u\000d\000i\000o}{section.1.5}% 7
\BOOKMARK [2][-]{subsection.1.5.2}{\376\377\0001\000.\0005\000.\0002\000\040\117\177\165\050\000\040\000v\000s\000c\000o\000d\000e}{section.1.5}% 8
\BOOKMARK [1][-]{section.1.6}{\376\377\0001\000.\0006\000\040\142\123\123\160\213\272\145\207}{chapter.1}% 9
\BOOKMARK [0][-]{chapter.2}{\376\377\173\054\116\214\172\340\000\040\000\040\162\171\202\162\122\237\200\375}{}% 10
\BOOKMARK [1][-]{section.2.1}{\376\377\0002\000.\0001\000\040\133\232\164\006\163\257\130\203}{chapter.2}% 11
\BOOKMARK [1][-]{section.2.2}{\376\377\0002\000.\0002\000\040\123\302\200\003\145\207\163\056}{chapter.2}% 12
\BOOKMARK [0][-]{chapter.3}{\376\377\173\054\116\011\172\340\000\040\000\040\133\232\164\006\163\257\130\203\000\267\116\013}{}% 13
\BOOKMARK [1][-]{section.3.1}{\376\377\0003\000.\0001\000\040\157\024\171\072\116\000\176\247\150\007\230\230}{chapter.3}% 14
\BOOKMARK [2][-]{subsection.3.1.1}{\376\377\0003\000.\0001\000.\0001\000\040\157\024\171\072\116\214\176\247\150\007\230\230}{section.3.1}% 15
\BOOKMARK [0][-]{chapter.4}{\376\377\173\054\126\333\172\340\000\040\000\040\117\177\165\050\171\072\117\213}{}% 16
\BOOKMARK [1][-]{section.4.1}{\376\377\0004\000.\0001\000\040\143\322\126\376}{chapter.4}% 17
\BOOKMARK [1][-]{section.4.2}{\376\377\0004\000.\0002\000\040\210\150\150\074}{chapter.4}% 18
\BOOKMARK [1][-]{section.4.3}{\376\377\0004\000.\0003\000\040\145\160\133\127\116\016\126\375\226\105\123\125\117\115}{chapter.4}% 19
\BOOKMARK [1][-]{section.4.4}{\376\377\0004\000.\0004\000\040\116\055\202\361\145\207\116\113\225\364\172\172\150\074}{chapter.4}% 20
\BOOKMARK [0][-]{appendix.A}{\376\377\226\104\137\125\000\040\000A\000\040\000\040\124\016\213\260}{}% 21
\BOOKMARK [1][-]{section.A.1}{\376\377\000A\000.\0001\000\040\000v\0000\000.\0009\000a\124\016\213\260\040\024\040\024\000O\000l\000d\000\040\000J\000a\000c\000k\000\040\166\204\124\020\151\375}{appendix.A}% 22
\BOOKMARK [1][-]{section.A.2}{\376\377\000A\000.\0002\000\040\000v\0001\000.\0000\124\016\213\260}{appendix.A}% 23
\BOOKMARK [1][-]{section.A.3}{\376\377\000A\000.\0003\000\040\000v\0002\000.\0000\000\040\124\016\213\260\000\040\000b\000y\000\040\000y\000z\000w\000d\000u\000c\000k}{appendix.A}% 24
\BOOKMARK [1][-]{section.A.4}{\376\377\000A\000.\0004\000\040\000v\0002\000.\0001\000\040\124\016\213\260\000\040\000b\000y\000\040\000y\000z\000w\000d\000u\000c\000k}{appendix.A}% 25
\BOOKMARK [1][-]{section.A.5}{\376\377\000A\000.\0005\000\040\000v\0002\000.\0002\000\040\124\016\213\260\000\040\000b\000y\000\040\000y\000z\000w\000d\000u\000c\000k}{appendix.A}% 26
\BOOKMARK [0][-]{section*.18}{\376\377\123\302\200\003\145\207\163\056}{}% 27
\BOOKMARK [0][-]{appendix*.20}{\376\377\123\302\200\003\145\207\163\056}{}% 28
\BOOKMARK [0][-]{appendix*.21}{\376\377\201\364\214\042}{}% 29
\BOOKMARK [0][-]{appendix*.22}{\376\377\127\050\133\146\147\037\225\364\166\204\170\024\172\166\142\020\147\234\123\312\133\146\147\057\213\272\145\207\140\305\121\265}{}% 30
